2021-11-10 00:22:41,118 INFO [main] h.j.p.m.Main [Main.java:32] The program has been started.
2021-11-10 00:22:42,816 ERROR [main] h.j.p.m.Main [Main.java:49] An error has occurred
hr.java.production.exception.DuplicateCategoryException: This category already exists!
	at hr.java.production.main.Main.main(Main.java:45)
2021-11-10 00:22:45,596 ERROR [main] h.j.p.m.Main [Main.java:49] An error has occurred
hr.java.production.exception.DuplicateCategoryException: This category already exists!
	at hr.java.production.main.Main.main(Main.java:45)
2021-11-10 00:22:59,581 ERROR [main] h.j.p.m.Main [Main.java:413] An error has occurred
hr.java.production.exception.DuplicateArticleException: This item already exists in factory.
	at hr.java.production.main.Main.createFactory(Main.java:410)
	at hr.java.production.main.Main.main(Main.java:65)
2021-11-10 00:23:07,580 ERROR [main] h.j.p.m.Main [Main.java:490] An error has occurred
hr.java.production.exception.DuplicateArticleException: This item already exists in store.
	at hr.java.production.main.Main.createStore(Main.java:487)
	at hr.java.production.main.Main.main(Main.java:71)
2021-11-10 00:23:07,849 ERROR [main] h.j.p.m.Main [Main.java:490] An error has occurred
hr.java.production.exception.DuplicateArticleException: This item already exists in store.
	at hr.java.production.main.Main.createStore(Main.java:487)
	at hr.java.production.main.Main.main(Main.java:71)
2021-11-10 00:23:08,028 ERROR [main] h.j.p.m.Main [Main.java:490] An error has occurred
hr.java.production.exception.DuplicateArticleException: This item already exists in store.
	at hr.java.production.main.Main.createStore(Main.java:487)
	at hr.java.production.main.Main.main(Main.java:71)
2021-11-16 10:58:38,403 INFO [main] h.j.p.m.Main [Main.java:32] The program has been started.
2021-11-16 18:17:46,333 INFO [main] h.j.p.m.Main [Main.java:31] The program has been started.
2021-11-16 18:17:49,615 ERROR [main] h.j.p.m.Main [Main.java:48] An error has occurred
hr.java.production.exception.DuplicateCategoryException: This category already exists!
	at hr.java.production.main.Main.main(Main.java:44)
2021-11-16 19:14:53,548 INFO [main] h.j.p.m.Main [Main.java:32] The program has been started.
2021-11-16 19:16:03,839 INFO [main] h.j.p.m.Main [Main.java:32] The program has been started.
2021-11-16 19:17:29,812 INFO [main] h.j.p.m.Main [Main.java:32] The program has been started.
2021-11-16 19:17:41,561 INFO [main] h.j.p.m.Main [Main.java:32] The program has been started.
2021-11-16 19:33:43,668 INFO [main] h.j.p.m.Main [Main.java:32] The program has been started.
2021-11-16 19:37:11,078 INFO [main] h.j.p.m.Main [Main.java:32] The program has been started.
2021-11-16 19:40:01,813 INFO [main] h.j.p.m.Main [Main.java:32] The program has been started.
2021-11-16 19:41:32,529 INFO [main] h.j.p.m.Main [Main.java:32] The program has been started.
2021-11-16 19:49:04,136 INFO [main] h.j.p.m.Main [Main.java:32] The program has been started.
2021-11-16 19:51:54,590 INFO [main] h.j.p.m.Main [Main.java:32] The program has been started.
2021-11-16 19:52:40,931 INFO [main] h.j.p.m.Main [Main.java:32] The program has been started.
2021-11-16 19:53:08,930 INFO [main] h.j.p.m.Main [Main.java:32] The program has been started.
2021-11-16 19:53:22,083 INFO [main] h.j.p.m.Main [Main.java:32] The program has been started.
2021-11-16 19:54:06,469 INFO [main] h.j.p.m.Main [Main.java:32] The program has been started.
2021-11-16 20:02:18,446 INFO [main] h.j.p.m.Main [Main.java:32] The program has been started.
2021-11-16 20:02:30,899 INFO [main] h.j.p.m.Main [Main.java:32] The program has been started.
2021-11-16 20:03:49,197 INFO [main] h.j.p.m.Main [Main.java:32] The program has been started.
2021-11-16 20:04:05,427 INFO [main] h.j.p.m.Main [Main.java:32] The program has been started.
2021-11-16 20:08:16,368 INFO [main] h.j.p.m.Main [Main.java:32] The program has been started.
2021-11-16 20:08:45,291 INFO [main] h.j.p.m.Main [Main.java:32] The program has been started.
2021-11-16 20:09:29,366 INFO [main] h.j.p.m.Main [Main.java:32] The program has been started.
2021-11-16 20:09:36,186 INFO [main] h.j.p.m.Main [Main.java:32] The program has been started.
2021-11-16 20:10:36,589 INFO [main] h.j.p.m.Main [Main.java:32] The program has been started.
2021-11-16 20:10:42,037 INFO [main] h.j.p.m.Main [Main.java:32] The program has been started.
2021-11-16 20:11:07,454 INFO [main] h.j.p.m.Main [Main.java:32] The program has been started.
2021-11-16 20:11:13,872 INFO [main] h.j.p.m.Main [Main.java:32] The program has been started.
2021-11-16 20:11:35,248 INFO [main] h.j.p.m.Main [Main.java:32] The program has been started.
2021-11-16 20:13:45,869 INFO [main] h.j.p.m.Main [Main.java:32] The program has been started.
2021-11-16 21:05:44,375 INFO [main] h.j.p.m.Main [Main.java:33] The program has been started.
2021-11-16 21:06:19,496 INFO [main] h.j.p.m.Main [Main.java:33] The program has been started.
2021-11-16 21:07:00,295 INFO [main] h.j.p.m.Main [Main.java:33] The program has been started.
2021-11-16 21:07:21,100 INFO [main] h.j.p.m.Main [Main.java:33] The program has been started.
2021-11-16 21:16:54,569 INFO [main] h.j.p.m.Main [Main.java:33] The program has been started.
2021-11-16 21:16:55,550 ERROR [main] h.j.p.m.Main [Main.java:50] An error has occurred
hr.java.production.exception.DuplicateCategoryException: This category already exists!
	at hr.java.production.main.Main.main(Main.java:46)
2021-11-16 21:17:24,651 INFO [main] h.j.p.m.Main [Main.java:33] The program has been started.
2021-11-16 21:17:28,182 ERROR [main] h.j.p.m.Main [Main.java:50] An error has occurred
hr.java.production.exception.DuplicateCategoryException: This category already exists!
	at hr.java.production.main.Main.main(Main.java:46)
2021-11-16 21:51:15,652 INFO [main] h.j.p.m.Main [Main.java:33] The program has been started.
2021-11-16 21:53:23,926 INFO [main] h.j.p.m.Main [Main.java:33] The program has been started.
2021-11-16 21:53:54,371 INFO [main] h.j.p.m.Main [Main.java:33] The program has been started.
2021-11-16 21:57:51,108 INFO [main] h.j.p.m.Main [Main.java:33] The program has been started.
2021-11-16 21:58:02,003 INFO [main] h.j.p.m.Main [Main.java:33] The program has been started.
2021-11-16 22:07:06,546 INFO [main] h.j.p.m.Main [Main.java:33] The program has been started.
2021-11-16 22:13:49,385 INFO [main] h.j.p.m.Main [Main.java:33] The program has been started.
2021-11-16 22:30:19,910 INFO [main] h.j.p.m.Main [Main.java:33] The program has been started.
2021-11-16 22:37:14,528 INFO [main] h.j.p.m.Main [Main.java:33] The program has been started.
2021-11-16 22:37:16,377 ERROR [main] h.j.p.m.Main [Main.java:52] An error has occurred
hr.java.production.exception.DuplicateCategoryException: This category already exists!
	at hr.java.production.main.Main.main(Main.java:48)
2021-11-23 16:08:02,909 INFO [main] h.j.p.m.Main [Main.java:33] The program has been started.
2021-11-23 16:09:40,226 INFO [main] h.j.p.m.Main [Main.java:33] The program has been started.
2021-11-23 18:10:13,223 INFO [main] h.j.p.m.Main [Main.java:35] The program has been started.
2021-11-23 20:55:17,872 INFO [main] h.j.p.m.Main [Main.java:35] The program has been started.
2021-11-23 21:07:08,413 INFO [main] h.j.p.m.Main [Main.java:35] The program has been started.
2021-11-23 21:12:52,882 INFO [main] h.j.p.m.Main [Main.java:36] The program has been started.
2021-11-23 21:14:19,770 INFO [main] h.j.p.m.Main [Main.java:36] The program has been started.
2021-11-23 21:15:12,935 INFO [main] h.j.p.m.Main [Main.java:36] The program has been started.
2021-11-23 21:16:43,378 INFO [main] h.j.p.m.Main [Main.java:36] The program has been started.
2021-11-23 21:16:45,804 ERROR [main] h.j.p.m.Main [Main.java:62] An error has occurred
hr.java.production.exception.DuplicateCategoryException: This category already exists!
	at hr.java.production.main.Main.main(Main.java:58)
2021-11-23 21:16:46,245 ERROR [main] h.j.p.m.Main [Main.java:62] An error has occurred
hr.java.production.exception.DuplicateCategoryException: This category already exists!
	at hr.java.production.main.Main.main(Main.java:58)
2021-11-23 21:16:46,612 ERROR [main] h.j.p.m.Main [Main.java:62] An error has occurred
hr.java.production.exception.DuplicateCategoryException: This category already exists!
	at hr.java.production.main.Main.main(Main.java:58)
2021-11-23 21:16:47,013 ERROR [main] h.j.p.m.Main [Main.java:62] An error has occurred
hr.java.production.exception.DuplicateCategoryException: This category already exists!
	at hr.java.production.main.Main.main(Main.java:58)
2021-11-23 21:16:47,412 ERROR [main] h.j.p.m.Main [Main.java:62] An error has occurred
hr.java.production.exception.DuplicateCategoryException: This category already exists!
	at hr.java.production.main.Main.main(Main.java:58)
2021-11-23 21:16:51,387 INFO [main] h.j.p.m.Main [Main.java:36] The program has been started.
2021-11-23 21:17:52,996 INFO [main] h.j.p.m.Main [Main.java:36] The program has been started.
2021-11-23 21:18:22,748 INFO [main] h.j.p.m.Main [Main.java:36] The program has been started.
2021-11-23 21:18:34,603 INFO [main] h.j.p.m.Main [Main.java:36] The program has been started.
2021-11-23 21:25:18,021 INFO [main] h.j.p.m.Main [Main.java:36] The program has been started.
2021-11-23 21:31:19,044 INFO [main] h.j.p.m.Main [Main.java:36] The program has been started.
2021-11-23 22:23:27,392 INFO [main] h.j.p.m.Main [Main.java:36] The program has been started.
2021-11-23 22:26:09,815 INFO [main] h.j.p.m.Main [Main.java:36] The program has been started.
2021-11-23 22:40:49,577 INFO [main] h.j.p.m.Main [Main.java:36] The program has been started.
2021-11-23 22:44:14,273 INFO [main] h.j.p.m.Main [Main.java:36] The program has been started.
2021-11-23 22:44:48,208 INFO [main] h.j.p.m.Main [Main.java:36] The program has been started.
2021-11-24 00:01:46,973 INFO [main] h.j.p.m.Main [Main.java:39] The program has been started.
2021-11-24 00:04:34,901 INFO [main] h.j.p.m.Main [Main.java:39] The program has been started.
2021-11-24 00:04:37,468 ERROR [main] h.j.p.m.Main [Main.java:65] An error has occurred
hr.java.production.exception.DuplicateCategoryException: This category already exists!
	at hr.java.production.main.Main.main(Main.java:61)
2021-11-24 00:04:39,127 ERROR [main] h.j.p.m.Main [Main.java:403] An error has occurred
java.util.InputMismatchException: null
	at java.base/java.util.Scanner.throwFor(Scanner.java:939)
	at java.base/java.util.Scanner.next(Scanner.java:1594)
	at java.base/java.util.Scanner.nextInt(Scanner.java:2258)
	at java.base/java.util.Scanner.nextInt(Scanner.java:2212)
	at hr.java.production.main.Main.inputInt(Main.java:401)
	at hr.java.production.main.Main.createItem(Main.java:473)
	at hr.java.production.main.Main.main(Main.java:76)
2021-11-24 00:05:00,421 ERROR [main] h.j.p.m.Main [Main.java:584] An error has occurred
hr.java.production.exception.DuplicateArticleException: This item already exists in factory.
	at hr.java.production.main.Main.createFactory(Main.java:581)
	at hr.java.production.main.Main.main(Main.java:152)
2021-11-24 00:05:14,104 ERROR [main] h.j.p.m.Main [Main.java:666] An error has occurred
hr.java.production.exception.DuplicateArticleException: This item already exists in store.
	at hr.java.production.main.Main.createStore(Main.java:663)
	at hr.java.production.main.Main.main(Main.java:158)
2021-11-24 00:05:14,278 ERROR [main] h.j.p.m.Main [Main.java:666] An error has occurred
hr.java.production.exception.DuplicateArticleException: This item already exists in store.
	at hr.java.production.main.Main.createStore(Main.java:663)
	at hr.java.production.main.Main.main(Main.java:158)
2021-11-24 00:05:14,435 ERROR [main] h.j.p.m.Main [Main.java:666] An error has occurred
hr.java.production.exception.DuplicateArticleException: This item already exists in store.
	at hr.java.production.main.Main.createStore(Main.java:663)
	at hr.java.production.main.Main.main(Main.java:158)
2021-11-24 00:05:14,608 ERROR [main] h.j.p.m.Main [Main.java:666] An error has occurred
hr.java.production.exception.DuplicateArticleException: This item already exists in store.
	at hr.java.production.main.Main.createStore(Main.java:663)
	at hr.java.production.main.Main.main(Main.java:158)
2021-11-24 00:09:53,327 INFO [main] h.j.p.m.Main [Main.java:39] The program has been started.
2021-11-24 00:10:47,589 INFO [main] h.j.p.m.Main [Main.java:39] The program has been started.
2021-11-24 01:59:54,292 INFO [main] h.j.p.m.Main [Main.java:39] The program has been started.
2021-12-10 12:51:57,234 INFO [main] h.j.p.m.Main [Main.java:39] The program has been started.
2021-12-10 13:02:48,268 INFO [main] h.j.p.m.Main [Main.java:41] The program has been started.
2021-12-10 13:03:18,495 INFO [main] h.j.p.m.Main [Main.java:41] The program has been started.
2021-12-10 13:05:22,849 INFO [main] h.j.p.m.Main [Main.java:41] The program has been started.
2021-12-10 13:05:43,373 INFO [main] h.j.p.m.Main [Main.java:41] The program has been started.
2021-12-10 13:11:09,243 INFO [main] h.j.p.m.Main [Main.java:42] The program has been started.
2021-12-10 13:11:47,714 INFO [main] h.j.p.m.Main [Main.java:42] The program has been started.
2021-12-10 13:22:44,745 INFO [main] h.j.p.m.Main [Main.java:42] The program has been started.
2021-12-10 13:22:51,215 INFO [main] h.j.p.m.Main [Main.java:42] The program has been started.
2021-12-10 13:22:56,813 INFO [main] h.j.p.m.Main [Main.java:42] The program has been started.
2021-12-10 13:23:03,659 INFO [main] h.j.p.m.Main [Main.java:42] The program has been started.
2021-12-10 13:23:09,695 INFO [main] h.j.p.m.Main [Main.java:42] The program has been started.
2021-12-10 13:37:28,607 INFO [main] h.j.p.m.Main [Main.java:43] The program has been started.
2021-12-10 14:11:41,678 INFO [main] h.j.p.m.Main [Main.java:43] The program has been started.
2021-12-10 14:11:52,702 INFO [main] h.j.p.m.Main [Main.java:43] The program has been started.
2021-12-10 14:12:12,884 INFO [main] h.j.p.m.Main [Main.java:43] The program has been started.
2021-12-10 14:13:21,313 INFO [main] h.j.p.m.Main [Main.java:43] The program has been started.
2021-12-10 14:22:52,790 INFO [main] h.j.p.m.Main [Main.java:43] The program has been started.
2021-12-10 14:25:47,557 INFO [main] h.j.p.m.Main [Main.java:43] The program has been started.
2021-12-10 14:26:09,763 INFO [main] h.j.p.m.Main [Main.java:43] The program has been started.
2021-12-10 14:26:23,377 INFO [main] h.j.p.m.Main [Main.java:43] The program has been started.
2021-12-10 14:27:51,395 INFO [main] h.j.p.m.Main [Main.java:43] The program has been started.
2021-12-10 14:30:13,041 INFO [main] h.j.p.m.Main [Main.java:43] The program has been started.
2021-12-10 14:30:50,566 INFO [main] h.j.p.m.Main [Main.java:43] The program has been started.
2021-12-11 13:46:40,156 INFO [main] h.j.p.m.Main [Main.java:47] The program has been started.
2021-12-11 13:48:03,656 INFO [main] h.j.p.m.Main [Main.java:47] The program has been started.
2021-12-11 13:48:35,825 INFO [main] h.j.p.m.Main [Main.java:47] The program has been started.
2021-12-11 13:53:25,185 INFO [main] h.j.p.m.Main [Main.java:47] The program has been started.
2021-12-11 13:53:50,693 INFO [main] h.j.p.m.Main [Main.java:47] The program has been started.
2021-12-11 14:02:20,375 INFO [main] h.j.p.m.Main [Main.java:47] The program has been started.
2021-12-11 14:02:57,403 INFO [main] h.j.p.m.Main [Main.java:47] The program has been started.
2021-12-11 14:03:56,047 INFO [main] h.j.p.m.Main [Main.java:47] The program has been started.
2021-12-11 14:41:47,859 INFO [main] h.j.p.m.Main [Main.java:49] The program has been started.
2021-12-11 14:42:18,601 INFO [main] h.j.p.m.Main [Main.java:49] The program has been started.
2021-12-11 14:49:09,395 INFO [main] h.j.p.m.Main [Main.java:49] The program has been started.
2021-12-11 14:52:04,098 INFO [main] h.j.p.m.Main [Main.java:49] The program has been started.
2021-12-11 15:01:14,241 INFO [main] h.j.p.m.Main [Main.java:49] The program has been started.
2021-12-11 15:01:47,016 INFO [main] h.j.p.m.Main [Main.java:49] The program has been started.
2021-12-11 15:02:04,065 INFO [main] h.j.p.m.Main [Main.java:49] The program has been started.
2021-12-11 15:06:25,201 INFO [main] h.j.p.m.Main [Main.java:52] The program has been started.
2021-12-11 15:06:56,434 INFO [main] h.j.p.m.Main [Main.java:52] The program has been started.
2021-12-11 15:09:08,758 INFO [main] h.j.p.m.Main [Main.java:52] The program has been started.
2021-12-11 15:09:31,187 INFO [main] h.j.p.m.Main [Main.java:52] The program has been started.
2021-12-11 15:10:28,769 INFO [main] h.j.p.m.Main [Main.java:52] The program has been started.
2021-12-11 15:11:10,466 INFO [main] h.j.p.m.Main [Main.java:52] The program has been started.
2021-12-11 15:12:17,538 INFO [main] h.j.p.m.Main [Main.java:52] The program has been started.
2021-12-11 15:12:50,867 INFO [main] h.j.p.m.Main [Main.java:52] The program has been started.
2021-12-11 15:14:11,050 INFO [main] h.j.p.m.Main [Main.java:52] The program has been started.
2021-12-11 15:14:29,156 INFO [main] h.j.p.m.Main [Main.java:52] The program has been started.
2021-12-11 15:14:43,252 INFO [main] h.j.p.m.Main [Main.java:52] The program has been started.
2021-12-11 15:14:54,618 INFO [main] h.j.p.m.Main [Main.java:52] The program has been started.
2021-12-11 15:15:20,184 INFO [main] h.j.p.m.Main [Main.java:52] The program has been started.
2021-12-11 15:18:28,554 INFO [main] h.j.p.m.Main [Main.java:52] The program has been started.
2021-12-11 15:53:24,883 INFO [main] h.j.p.m.Main [Main.java:54] The program has been started.
2021-12-11 15:57:37,248 INFO [main] h.j.p.m.Main [Main.java:54] The program has been started.
2021-12-11 16:14:20,209 INFO [main] h.j.p.m.Main [Main.java:56] The program has been started.
2021-12-11 16:41:30,261 INFO [main] h.j.p.m.Main [Main.java:55] The program has been started.
2021-12-11 16:43:02,576 INFO [main] h.j.p.m.Main [Main.java:55] The program has been started.
2021-12-11 17:12:31,751 INFO [main] h.j.p.m.Main [Main.java:55] The program has been started.
2021-12-11 17:13:24,591 INFO [main] h.j.p.m.Main [Main.java:55] The program has been started.
2021-12-11 17:13:24,639 INFO [main] h.j.p.m.Main [Main.java:191] The program has finished to completion
2021-12-11 17:50:01,979 INFO [main] h.j.p.m.Main [Main.java:53] The program has been started.
2021-12-11 17:50:02,024 INFO [main] h.j.p.m.Main [Main.java:188] The program has finished to completion
2021-12-11 17:53:22,529 INFO [main] h.j.p.m.Main [Main.java:53] The program has been started.
2021-12-11 17:53:22,577 INFO [main] h.j.p.m.Main [Main.java:188] The program has finished to completion
2021-12-11 17:53:54,849 INFO [main] h.j.p.m.Main [Main.java:54] The program has been started.
2021-12-11 17:53:54,907 INFO [main] h.j.p.m.Main [Main.java:189] The program has finished to completion
2021-12-11 17:54:55,577 INFO [main] h.j.p.m.Main [Main.java:54] The program has been started.
2021-12-11 17:54:55,620 INFO [main] h.j.p.m.Main [Main.java:189] The program has finished to completion
2021-12-11 17:55:07,150 INFO [main] h.j.p.m.Main [Main.java:54] The program has been started.
2021-12-11 17:55:07,196 INFO [main] h.j.p.m.Main [Main.java:189] The program has finished to completion
2021-12-11 17:56:22,486 INFO [main] h.j.p.m.Main [Main.java:54] The program has been started.
2021-12-11 17:56:22,529 INFO [main] h.j.p.m.Main [Main.java:189] The program has finished to completion
2021-12-11 18:23:50,945 INFO [main] h.j.p.m.Main [Main.java:56] The program has been started.
2021-12-11 18:23:50,999 INFO [main] h.j.p.m.Main [Main.java:196] The program has finished to completion
2021-12-11 18:24:27,165 INFO [main] h.j.p.m.Main [Main.java:56] The program has been started.
2021-12-11 18:24:27,213 INFO [main] h.j.p.m.Main [Main.java:196] The program has finished to completion
2021-12-11 18:24:42,399 INFO [main] h.j.p.m.Main [Main.java:56] The program has been started.
2021-12-11 18:24:42,453 INFO [main] h.j.p.m.Main [Main.java:196] The program has finished to completion
2021-12-11 18:24:57,354 INFO [main] h.j.p.m.Main [Main.java:56] The program has been started.
2021-12-11 18:24:57,407 INFO [main] h.j.p.m.Main [Main.java:196] The program has finished to completion
2021-12-11 18:26:32,636 INFO [main] h.j.p.m.Main [Main.java:56] The program has been started.
2021-12-11 18:26:32,690 INFO [main] h.j.p.m.Main [Main.java:203] The program has finished to completion
2021-12-11 18:26:52,722 INFO [main] h.j.p.m.Main [Main.java:56] The program has been started.
2021-12-11 18:26:52,774 INFO [main] h.j.p.m.Main [Main.java:203] The program has finished to completion
2021-12-11 18:27:24,503 INFO [main] h.j.p.m.Main [Main.java:57] The program has been started.
2021-12-11 18:27:24,561 INFO [main] h.j.p.m.Main [Main.java:209] The program has finished to completion
